Traceback (most recent call last):
  File "/opt/anaconda3/envs/qe-mini-example/lib/python3.7/site-packages/jupyter_cache/executors/utils.py", line 56, in single_nb_execution
    record_timing=False,
  File "/opt/anaconda3/envs/qe-mini-example/lib/python3.7/site-packages/nbclient/client.py", line 1082, in execute
    return NotebookClient(nb=nb, resources=resources, km=km, **kwargs).execute()
  File "/opt/anaconda3/envs/qe-mini-example/lib/python3.7/site-packages/nbclient/util.py", line 74, in wrapped
    return just_run(coro(*args, **kwargs))
  File "/opt/anaconda3/envs/qe-mini-example/lib/python3.7/site-packages/nbclient/util.py", line 53, in just_run
    return loop.run_until_complete(coro)
  File "/opt/anaconda3/envs/qe-mini-example/lib/python3.7/asyncio/base_events.py", line 587, in run_until_complete
    return future.result()
  File "/opt/anaconda3/envs/qe-mini-example/lib/python3.7/site-packages/nbclient/client.py", line 536, in async_execute
    cell, index, execution_count=self.code_cells_executed + 1
  File "/opt/anaconda3/envs/qe-mini-example/lib/python3.7/site-packages/nbclient/client.py", line 827, in async_execute_cell
    self._check_raise_for_error(cell, exec_reply)
  File "/opt/anaconda3/envs/qe-mini-example/lib/python3.7/site-packages/nbclient/client.py", line 735, in _check_raise_for_error
    raise CellExecutionError.from_cell_and_msg(cell, exec_reply['content'])
nbclient.exceptions.CellExecutionError: An error occurred while executing the following cell:
------------------
## åŠ å…¥logisticé¡¹çš„Volterraæ¨¡å‹

# è¾“å…¥åˆå§‹å‚æ•°
r1 = 0.2
r2 = 0.3
N1 = 100
N2 = 70
sigma1 = 1.2
sigma2 = 0.5
x0 = 30
y0 = 40
deltaT = 0.01
TotTime = 50
timeStep = TotTime/deltaT
xlist = []
ylist = []
xlist.append(x0)
ylist.append(y0)
TimeList = [i*deltaT for i in range(int(timeStep))]

# é€’æ¨åœ°æ±‚è§£å·®åˆ†æ–¹ç¨‹
# for time in TimeList:
    # xxxx è¿™é‡Œè¯·è¡¥å…¨
    # xxxx  è¿™é‡Œè¯·è¡¥å…¨

# ç»“æœå¯è§†åŒ–
plt.figure(figsize = (20,5))
plt.plot(TimeList,xlist[:-1])
plt.plot(TimeList,ylist[:-1])
------------------

[0;31m---------------------------------------------------------------------------[0m
[0;31mValueError[0m                                Traceback (most recent call last)
[0;32m<ipython-input-20-d9f6baf96568>[0m in [0;36m<module>[0;34m[0m
[1;32m     26[0m [0;31m# ç»“æœå¯è§†åŒ–[0m[0;34m[0m[0;34m[0m[0;34m[0m[0m
[1;32m     27[0m [0mplt[0m[0;34m.[0m[0mfigure[0m[0;34m([0m[0mfigsize[0m [0;34m=[0m [0;34m([0m[0;36m20[0m[0;34m,[0m[0;36m5[0m[0;34m)[0m[0;34m)[0m[0;34m[0m[0;34m[0m[0m
[0;32m---> 28[0;31m [0mplt[0m[0;34m.[0m[0mplot[0m[0;34m([0m[0mTimeList[0m[0;34m,[0m[0mxlist[0m[0;34m[[0m[0;34m:[0m[0;34m-[0m[0;36m1[0m[0;34m][0m[0;34m)[0m[0;34m[0m[0;34m[0m[0m
[0m[1;32m     29[0m [0mplt[0m[0;34m.[0m[0mplot[0m[0;34m([0m[0mTimeList[0m[0;34m,[0m[0mylist[0m[0;34m[[0m[0;34m:[0m[0;34m-[0m[0;36m1[0m[0;34m][0m[0;34m)[0m[0;34m[0m[0;34m[0m[0m

[0;32m/opt/anaconda3/envs/qe-mini-example/lib/python3.7/site-packages/matplotlib/pyplot.py[0m in [0;36mplot[0;34m(scalex, scaley, data, *args, **kwargs)[0m
[1;32m   2824[0m     return gca().plot(
[1;32m   2825[0m         [0;34m*[0m[0margs[0m[0;34m,[0m [0mscalex[0m[0;34m=[0m[0mscalex[0m[0;34m,[0m [0mscaley[0m[0;34m=[0m[0mscaley[0m[0;34m,[0m[0;34m[0m[0;34m[0m[0m
[0;32m-> 2826[0;31m         **({"data": data} if data is not None else {}), **kwargs)
[0m[1;32m   2827[0m [0;34m[0m[0m
[1;32m   2828[0m [0;34m[0m[0m

[0;32m/opt/anaconda3/envs/qe-mini-example/lib/python3.7/site-packages/matplotlib/axes/_axes.py[0m in [0;36mplot[0;34m(self, scalex, scaley, data, *args, **kwargs)[0m
[1;32m   1741[0m         """
[1;32m   1742[0m         [0mkwargs[0m [0;34m=[0m [0mcbook[0m[0;34m.[0m[0mnormalize_kwargs[0m[0;34m([0m[0mkwargs[0m[0;34m,[0m [0mmlines[0m[0;34m.[0m[0mLine2D[0m[0;34m)[0m[0;34m[0m[0;34m[0m[0m
[0;32m-> 1743[0;31m         [0mlines[0m [0;34m=[0m [0;34m[[0m[0;34m*[0m[0mself[0m[0;34m.[0m[0m_get_lines[0m[0;34m([0m[0;34m*[0m[0margs[0m[0;34m,[0m [0mdata[0m[0;34m=[0m[0mdata[0m[0;34m,[0m [0;34m**[0m[0mkwargs[0m[0;34m)[0m[0;34m][0m[0;34m[0m[0;34m[0m[0m
[0m[1;32m   1744[0m         [0;32mfor[0m [0mline[0m [0;32min[0m [0mlines[0m[0;34m:[0m[0;34m[0m[0;34m[0m[0m
[1;32m   1745[0m             [0mself[0m[0;34m.[0m[0madd_line[0m[0;34m([0m[0mline[0m[0;34m)[0m[0;34m[0m[0;34m[0m[0m

[0;32m/opt/anaconda3/envs/qe-mini-example/lib/python3.7/site-packages/matplotlib/axes/_base.py[0m in [0;36m__call__[0;34m(self, data, *args, **kwargs)[0m
[1;32m    271[0m                 [0mthis[0m [0;34m+=[0m [0margs[0m[0;34m[[0m[0;36m0[0m[0;34m][0m[0;34m,[0m[0;34m[0m[0;34m[0m[0m
[1;32m    272[0m                 [0margs[0m [0;34m=[0m [0margs[0m[0;34m[[0m[0;36m1[0m[0;34m:[0m[0;34m][0m[0;34m[0m[0;34m[0m[0m
[0;32m--> 273[0;31m             [0;32myield[0m [0;32mfrom[0m [0mself[0m[0;34m.[0m[0m_plot_args[0m[0;34m([0m[0mthis[0m[0;34m,[0m [0mkwargs[0m[0;34m)[0m[0;34m[0m[0;34m[0m[0m
[0m[1;32m    274[0m [0;34m[0m[0m
[1;32m    275[0m     [0;32mdef[0m [0mget_next_color[0m[0;34m([0m[0mself[0m[0;34m)[0m[0;34m:[0m[0;34m[0m[0;34m[0m[0m

[0;32m/opt/anaconda3/envs/qe-mini-example/lib/python3.7/site-packages/matplotlib/axes/_base.py[0m in [0;36m_plot_args[0;34m(self, tup, kwargs)[0m
[1;32m    397[0m [0;34m[0m[0m
[1;32m    398[0m         [0;32mif[0m [0mx[0m[0;34m.[0m[0mshape[0m[0;34m[[0m[0;36m0[0m[0;34m][0m [0;34m!=[0m [0my[0m[0;34m.[0m[0mshape[0m[0;34m[[0m[0;36m0[0m[0;34m][0m[0;34m:[0m[0;34m[0m[0;34m[0m[0m
[0;32m--> 399[0;31m             raise ValueError(f"x and y must have same first dimension, but "
[0m[1;32m    400[0m                              f"have shapes {x.shape} and {y.shape}")
[1;32m    401[0m         [0;32mif[0m [0mx[0m[0;34m.[0m[0mndim[0m [0;34m>[0m [0;36m2[0m [0;32mor[0m [0my[0m[0;34m.[0m[0mndim[0m [0;34m>[0m [0;36m2[0m[0;34m:[0m[0;34m[0m[0;34m[0m[0m

[0;31mValueError[0m: x and y must have same first dimension, but have shapes (5000,) and (0,)
ValueError: x and y must have same first dimension, but have shapes (5000,) and (0,)

